2016-11-08 10:06:34 INFO [main] b.Application [StartupInfoLogger.java:48] Starting Application on WinterNow with PID 7122 (/home/tacho/Documents/workspace_spring/boot/target/classes started by tacho in /home/tacho/Documents/workspace_spring/boot)
2016-11-08 10:06:34 INFO [main] b.Application [SpringApplication.java:661] No active profile set, falling back to default profiles: default
2016-11-08 10:06:35 INFO [main] o.s.b.c.e.AnnotationConfigEmbeddedWebApplicationContext [AbstractApplicationContext.java:581] Refreshing org.springframework.boot.context.embedded.AnnotationConfigEmbeddedWebApplicationContext@49139829: startup date [Tue Nov 08 10:06:35 CST 2016]; root of context hierarchy
2016-11-08 10:06:37 INFO [main] o.s.b.f.a.AutowiredAnnotationBeanPostProcessor [AutowiredAnnotationBeanPostProcessor.java:155] JSR-330 'javax.inject.Inject' annotation found and supported for autowiring
2016-11-08 10:06:37 INFO [main] o.s.c.s.PostProcessorRegistrationDelegate$BeanPostProcessorChecker [PostProcessorRegistrationDelegate.java:328] Bean 'org.springframework.transaction.annotation.ProxyTransactionManagementConfiguration' of type [class org.springframework.transaction.annotation.ProxyTransactionManagementConfiguration$$EnhancerBySpringCGLIB$$6604797d] is not eligible for getting processed by all BeanPostProcessors (for example: not eligible for auto-proxying)
2016-11-08 10:06:37 WARN [main] o.s.b.c.e.AnnotationConfigEmbeddedWebApplicationContext [AbstractApplicationContext.java:549] Exception encountered during context initialization - cancelling refresh attempt: org.springframework.context.ApplicationContextException: Unable to start embedded container; nested exception is org.springframework.beans.factory.BeanCreationException: Error creating bean with name 'jettyEmbeddedServletContainerFactory' defined in class path resource [org/springframework/boot/autoconfigure/web/EmbeddedServletContainerAutoConfiguration$EmbeddedJetty.class]: Initialization of bean failed; nested exception is org.springframework.beans.factory.UnsatisfiedDependencyException: Error creating bean with name 'org.springframework.boot.autoconfigure.web.HttpEncodingAutoConfiguration': Unsatisfied dependency expressed through constructor parameter 0; nested exception is org.springframework.beans.factory.BeanCreationException: Error creating bean with name 'spring.http.encoding-org.springframework.boot.autoconfigure.web.HttpEncodingProperties': Initialization of bean failed; nested exception is javax.validation.ValidationException: Unable to create a Configuration, because no Bean Validation provider could be found. Add a provider like Hibernate Validator (RI) to your classpath.
2016-11-08 10:06:37 ERROR [main] o.s.b.d.LoggingFailureAnalysisReporter [LoggingFailureAnalysisReporter.java:42] 

***************************
APPLICATION FAILED TO START
***************************

Description:

The Bean Validation API is on the classpath but no implementation could be found

Action:

Add an implementation, such as Hibernate Validator, to the classpath

2016-11-08 10:09:01 INFO [main] b.Application [StartupInfoLogger.java:48] Starting Application on WinterNow with PID 7357 (/home/tacho/Documents/workspace_spring/boot/target/classes started by tacho in /home/tacho/Documents/workspace_spring/boot)
2016-11-08 10:09:01 INFO [main] b.Application [SpringApplication.java:661] No active profile set, falling back to default profiles: default
2016-11-08 10:09:01 INFO [main] o.s.b.c.e.AnnotationConfigEmbeddedWebApplicationContext [AbstractApplicationContext.java:581] Refreshing org.springframework.boot.context.embedded.AnnotationConfigEmbeddedWebApplicationContext@49139829: startup date [Tue Nov 08 10:09:01 CST 2016]; root of context hierarchy
2016-11-08 10:09:03 INFO [main] o.s.b.f.a.AutowiredAnnotationBeanPostProcessor [AutowiredAnnotationBeanPostProcessor.java:155] JSR-330 'javax.inject.Inject' annotation found and supported for autowiring
2016-11-08 10:09:03 INFO [main] o.s.c.s.PostProcessorRegistrationDelegate$BeanPostProcessorChecker [PostProcessorRegistrationDelegate.java:328] Bean 'org.springframework.transaction.annotation.ProxyTransactionManagementConfiguration' of type [class org.springframework.transaction.annotation.ProxyTransactionManagementConfiguration$$EnhancerBySpringCGLIB$$6604797d] is not eligible for getting processed by all BeanPostProcessors (for example: not eligible for auto-proxying)
2016-11-08 10:09:04 WARN [main] o.s.b.c.e.AnnotationConfigEmbeddedWebApplicationContext [AbstractApplicationContext.java:549] Exception encountered during context initialization - cancelling refresh attempt: org.springframework.context.ApplicationContextException: Unable to start embedded container; nested exception is org.springframework.beans.factory.BeanCreationException: Error creating bean with name 'jettyEmbeddedServletContainerFactory' defined in class path resource [org/springframework/boot/autoconfigure/web/EmbeddedServletContainerAutoConfiguration$EmbeddedJetty.class]: Initialization of bean failed; nested exception is org.springframework.beans.factory.UnsatisfiedDependencyException: Error creating bean with name 'org.springframework.boot.autoconfigure.web.HttpEncodingAutoConfiguration': Unsatisfied dependency expressed through constructor parameter 0; nested exception is org.springframework.beans.factory.BeanCreationException: Error creating bean with name 'spring.http.encoding-org.springframework.boot.autoconfigure.web.HttpEncodingProperties': Initialization of bean failed; nested exception is javax.validation.ValidationException: Unable to create a Configuration, because no Bean Validation provider could be found. Add a provider like Hibernate Validator (RI) to your classpath.
2016-11-08 10:09:04 ERROR [main] o.s.b.d.LoggingFailureAnalysisReporter [LoggingFailureAnalysisReporter.java:42] 

***************************
APPLICATION FAILED TO START
***************************

Description:

The Bean Validation API is on the classpath but no implementation could be found

Action:

Add an implementation, such as Hibernate Validator, to the classpath

2016-11-08 10:10:41 INFO [main] b.Application [StartupInfoLogger.java:48] Starting Application on WinterNow with PID 7539 (/home/tacho/Documents/workspace_spring/boot/target/classes started by tacho in /home/tacho/Documents/workspace_spring/boot)
2016-11-08 10:10:41 INFO [main] b.Application [SpringApplication.java:661] No active profile set, falling back to default profiles: default
2016-11-08 10:10:41 INFO [main] o.s.b.c.e.AnnotationConfigEmbeddedWebApplicationContext [AbstractApplicationContext.java:581] Refreshing org.springframework.boot.context.embedded.AnnotationConfigEmbeddedWebApplicationContext@77fbd92c: startup date [Tue Nov 08 10:10:41 CST 2016]; root of context hierarchy
2016-11-08 10:10:43 INFO [main] o.s.b.f.a.AutowiredAnnotationBeanPostProcessor [AutowiredAnnotationBeanPostProcessor.java:155] JSR-330 'javax.inject.Inject' annotation found and supported for autowiring
2016-11-08 10:10:43 INFO [main] o.s.c.s.PostProcessorRegistrationDelegate$BeanPostProcessorChecker [PostProcessorRegistrationDelegate.java:328] Bean 'org.springframework.transaction.annotation.ProxyTransactionManagementConfiguration' of type [class org.springframework.transaction.annotation.ProxyTransactionManagementConfiguration$$EnhancerBySpringCGLIB$$8d117cbe] is not eligible for getting processed by all BeanPostProcessors (for example: not eligible for auto-proxying)
2016-11-08 10:10:43 WARN [main] o.s.b.c.e.AnnotationConfigEmbeddedWebApplicationContext [AbstractApplicationContext.java:549] Exception encountered during context initialization - cancelling refresh attempt: org.springframework.context.ApplicationContextException: Unable to start embedded container; nested exception is org.springframework.beans.factory.BeanCreationException: Error creating bean with name 'jettyEmbeddedServletContainerFactory' defined in class path resource [org/springframework/boot/autoconfigure/web/EmbeddedServletContainerAutoConfiguration$EmbeddedJetty.class]: Initialization of bean failed; nested exception is org.springframework.beans.factory.UnsatisfiedDependencyException: Error creating bean with name 'org.springframework.boot.autoconfigure.web.HttpEncodingAutoConfiguration': Unsatisfied dependency expressed through constructor parameter 0; nested exception is org.springframework.beans.factory.BeanCreationException: Error creating bean with name 'spring.http.encoding-org.springframework.boot.autoconfigure.web.HttpEncodingProperties': Initialization of bean failed; nested exception is javax.validation.ValidationException: Unable to create a Configuration, because no Bean Validation provider could be found. Add a provider like Hibernate Validator (RI) to your classpath.
2016-11-08 10:10:43 ERROR [main] o.s.b.d.LoggingFailureAnalysisReporter [LoggingFailureAnalysisReporter.java:42] 

***************************
APPLICATION FAILED TO START
***************************

Description:

The Bean Validation API is on the classpath but no implementation could be found

Action:

Add an implementation, such as Hibernate Validator, to the classpath

2016-11-08 10:14:13 INFO [main] b.Application [StartupInfoLogger.java:48] Starting Application on WinterNow with PID 7626 (/home/tacho/Documents/workspace_spring/boot/target/classes started by tacho in /home/tacho/Documents/workspace_spring/boot)
2016-11-08 10:14:13 INFO [main] b.Application [SpringApplication.java:661] No active profile set, falling back to default profiles: default
2016-11-08 10:14:13 INFO [main] o.s.b.c.e.AnnotationConfigEmbeddedWebApplicationContext [AbstractApplicationContext.java:581] Refreshing org.springframework.boot.context.embedded.AnnotationConfigEmbeddedWebApplicationContext@77fbd92c: startup date [Tue Nov 08 10:14:13 CST 2016]; root of context hierarchy
2016-11-08 10:14:15 INFO [main] o.s.b.f.a.AutowiredAnnotationBeanPostProcessor [AutowiredAnnotationBeanPostProcessor.java:155] JSR-330 'javax.inject.Inject' annotation found and supported for autowiring
2016-11-08 10:14:15 INFO [main] o.s.c.s.PostProcessorRegistrationDelegate$BeanPostProcessorChecker [PostProcessorRegistrationDelegate.java:328] Bean 'org.springframework.transaction.annotation.ProxyTransactionManagementConfiguration' of type [class org.springframework.transaction.annotation.ProxyTransactionManagementConfiguration$$EnhancerBySpringCGLIB$$8d117cbe] is not eligible for getting processed by all BeanPostProcessors (for example: not eligible for auto-proxying)
2016-11-08 10:14:15 WARN [main] o.s.b.c.e.AnnotationConfigEmbeddedWebApplicationContext [AbstractApplicationContext.java:549] Exception encountered during context initialization - cancelling refresh attempt: org.springframework.context.ApplicationContextException: Unable to start embedded container; nested exception is org.springframework.beans.factory.BeanCreationException: Error creating bean with name 'jettyEmbeddedServletContainerFactory' defined in class path resource [org/springframework/boot/autoconfigure/web/EmbeddedServletContainerAutoConfiguration$EmbeddedJetty.class]: Initialization of bean failed; nested exception is org.springframework.beans.factory.UnsatisfiedDependencyException: Error creating bean with name 'org.springframework.boot.autoconfigure.web.HttpEncodingAutoConfiguration': Unsatisfied dependency expressed through constructor parameter 0; nested exception is org.springframework.beans.factory.BeanCreationException: Error creating bean with name 'spring.http.encoding-org.springframework.boot.autoconfigure.web.HttpEncodingProperties': Initialization of bean failed; nested exception is javax.validation.ValidationException: Unable to create a Configuration, because no Bean Validation provider could be found. Add a provider like Hibernate Validator (RI) to your classpath.
2016-11-08 10:14:15 ERROR [main] o.s.b.d.LoggingFailureAnalysisReporter [LoggingFailureAnalysisReporter.java:42] 

***************************
APPLICATION FAILED TO START
***************************

Description:

The Bean Validation API is on the classpath but no implementation could be found

Action:

Add an implementation, such as Hibernate Validator, to the classpath

2016-11-08 10:16:13 INFO [main] b.Application [StartupInfoLogger.java:48] Starting Application on WinterNow with PID 7701 (/home/tacho/Documents/workspace_spring/boot/target/classes started by tacho in /home/tacho/Documents/workspace_spring/boot)
2016-11-08 10:16:13 INFO [main] b.Application [SpringApplication.java:661] No active profile set, falling back to default profiles: default
2016-11-08 10:16:13 INFO [main] o.s.b.c.e.AnnotationConfigEmbeddedWebApplicationContext [AbstractApplicationContext.java:581] Refreshing org.springframework.boot.context.embedded.AnnotationConfigEmbeddedWebApplicationContext@6069db50: startup date [Tue Nov 08 10:16:13 CST 2016]; root of context hierarchy
2016-11-08 10:16:15 INFO [main] o.s.b.f.a.AutowiredAnnotationBeanPostProcessor [AutowiredAnnotationBeanPostProcessor.java:155] JSR-330 'javax.inject.Inject' annotation found and supported for autowiring
2016-11-08 10:16:15 INFO [main] o.s.c.s.PostProcessorRegistrationDelegate$BeanPostProcessorChecker [PostProcessorRegistrationDelegate.java:328] Bean 'org.springframework.transaction.annotation.ProxyTransactionManagementConfiguration' of type [class org.springframework.transaction.annotation.ProxyTransactionManagementConfiguration$$EnhancerBySpringCGLIB$$6604797d] is not eligible for getting processed by all BeanPostProcessors (for example: not eligible for auto-proxying)
2016-11-08 10:16:15 WARN [main] o.s.b.c.e.AnnotationConfigEmbeddedWebApplicationContext [AbstractApplicationContext.java:549] Exception encountered during context initialization - cancelling refresh attempt: org.springframework.context.ApplicationContextException: Unable to start embedded container; nested exception is org.springframework.beans.factory.BeanCreationException: Error creating bean with name 'jettyEmbeddedServletContainerFactory' defined in class path resource [org/springframework/boot/autoconfigure/web/EmbeddedServletContainerAutoConfiguration$EmbeddedJetty.class]: Initialization of bean failed; nested exception is org.springframework.beans.factory.UnsatisfiedDependencyException: Error creating bean with name 'org.springframework.boot.autoconfigure.web.HttpEncodingAutoConfiguration': Unsatisfied dependency expressed through constructor parameter 0; nested exception is org.springframework.beans.factory.BeanCreationException: Error creating bean with name 'spring.http.encoding-org.springframework.boot.autoconfigure.web.HttpEncodingProperties': Initialization of bean failed; nested exception is javax.validation.ValidationException: Unable to create a Configuration, because no Bean Validation provider could be found. Add a provider like Hibernate Validator (RI) to your classpath.
2016-11-08 10:16:15 ERROR [main] o.s.b.d.LoggingFailureAnalysisReporter [LoggingFailureAnalysisReporter.java:42] 

***************************
APPLICATION FAILED TO START
***************************

Description:

The Bean Validation API is on the classpath but no implementation could be found

Action:

Add an implementation, such as Hibernate Validator, to the classpath

2016-11-08 10:16:47 INFO [main] b.Application [StartupInfoLogger.java:48] Starting Application on WinterNow with PID 7732 (/home/tacho/Documents/workspace_spring/boot/target/classes started by tacho in /home/tacho/Documents/workspace_spring/boot)
2016-11-08 10:16:47 INFO [main] b.Application [SpringApplication.java:661] No active profile set, falling back to default profiles: default
2016-11-08 10:16:47 INFO [main] o.s.b.c.e.AnnotationConfigEmbeddedWebApplicationContext [AbstractApplicationContext.java:581] Refreshing org.springframework.boot.context.embedded.AnnotationConfigEmbeddedWebApplicationContext@1a482e36: startup date [Tue Nov 08 10:16:47 CST 2016]; root of context hierarchy
2016-11-08 10:16:49 INFO [main] o.s.b.f.a.AutowiredAnnotationBeanPostProcessor [AutowiredAnnotationBeanPostProcessor.java:155] JSR-330 'javax.inject.Inject' annotation found and supported for autowiring
2016-11-08 10:16:49 INFO [main] o.s.c.s.PostProcessorRegistrationDelegate$BeanPostProcessorChecker [PostProcessorRegistrationDelegate.java:328] Bean 'org.springframework.transaction.annotation.ProxyTransactionManagementConfiguration' of type [class org.springframework.transaction.annotation.ProxyTransactionManagementConfiguration$$EnhancerBySpringCGLIB$$15486579] is not eligible for getting processed by all BeanPostProcessors (for example: not eligible for auto-proxying)
2016-11-08 10:16:49 WARN [main] o.s.b.c.e.AnnotationConfigEmbeddedWebApplicationContext [AbstractApplicationContext.java:549] Exception encountered during context initialization - cancelling refresh attempt: org.springframework.context.ApplicationContextException: Unable to start embedded container; nested exception is org.springframework.beans.factory.BeanCreationException: Error creating bean with name 'jettyEmbeddedServletContainerFactory' defined in class path resource [org/springframework/boot/autoconfigure/web/EmbeddedServletContainerAutoConfiguration$EmbeddedJetty.class]: Initialization of bean failed; nested exception is org.springframework.beans.factory.UnsatisfiedDependencyException: Error creating bean with name 'org.springframework.boot.autoconfigure.web.HttpEncodingAutoConfiguration': Unsatisfied dependency expressed through constructor parameter 0; nested exception is org.springframework.beans.factory.BeanCreationException: Error creating bean with name 'spring.http.encoding-org.springframework.boot.autoconfigure.web.HttpEncodingProperties': Initialization of bean failed; nested exception is javax.validation.ValidationException: Unable to create a Configuration, because no Bean Validation provider could be found. Add a provider like Hibernate Validator (RI) to your classpath.
2016-11-08 10:16:49 ERROR [main] o.s.b.d.LoggingFailureAnalysisReporter [LoggingFailureAnalysisReporter.java:42] 

***************************
APPLICATION FAILED TO START
***************************

Description:

The Bean Validation API is on the classpath but no implementation could be found

Action:

Add an implementation, such as Hibernate Validator, to the classpath

2016-11-08 10:17:20 INFO [main] b.Application [StartupInfoLogger.java:48] Starting Application on WinterNow with PID 7785 (/home/tacho/Documents/workspace_spring/boot/target/classes started by tacho in /home/tacho/Documents/workspace_spring/boot)
2016-11-08 10:17:20 INFO [main] b.Application [SpringApplication.java:661] No active profile set, falling back to default profiles: default
2016-11-08 10:17:20 INFO [main] o.s.b.c.e.AnnotationConfigEmbeddedWebApplicationContext [AbstractApplicationContext.java:581] Refreshing org.springframework.boot.context.embedded.AnnotationConfigEmbeddedWebApplicationContext@1a482e36: startup date [Tue Nov 08 10:17:20 CST 2016]; root of context hierarchy
2016-11-08 10:17:22 INFO [main] o.s.b.f.a.AutowiredAnnotationBeanPostProcessor [AutowiredAnnotationBeanPostProcessor.java:155] JSR-330 'javax.inject.Inject' annotation found and supported for autowiring
2016-11-08 10:17:22 INFO [main] o.s.c.s.PostProcessorRegistrationDelegate$BeanPostProcessorChecker [PostProcessorRegistrationDelegate.java:328] Bean 'org.springframework.transaction.annotation.ProxyTransactionManagementConfiguration' of type [class org.springframework.transaction.annotation.ProxyTransactionManagementConfiguration$$EnhancerBySpringCGLIB$$8d117cbe] is not eligible for getting processed by all BeanPostProcessors (for example: not eligible for auto-proxying)
2016-11-08 10:17:22 WARN [main] o.s.b.c.e.AnnotationConfigEmbeddedWebApplicationContext [AbstractApplicationContext.java:549] Exception encountered during context initialization - cancelling refresh attempt: org.springframework.context.ApplicationContextException: Unable to start embedded container; nested exception is org.springframework.beans.factory.BeanCreationException: Error creating bean with name 'jettyEmbeddedServletContainerFactory' defined in class path resource [org/springframework/boot/autoconfigure/web/EmbeddedServletContainerAutoConfiguration$EmbeddedJetty.class]: Initialization of bean failed; nested exception is org.springframework.beans.factory.UnsatisfiedDependencyException: Error creating bean with name 'org.springframework.boot.autoconfigure.web.HttpEncodingAutoConfiguration': Unsatisfied dependency expressed through constructor parameter 0; nested exception is org.springframework.beans.factory.BeanCreationException: Error creating bean with name 'spring.http.encoding-org.springframework.boot.autoconfigure.web.HttpEncodingProperties': Initialization of bean failed; nested exception is javax.validation.ValidationException: Unable to create a Configuration, because no Bean Validation provider could be found. Add a provider like Hibernate Validator (RI) to your classpath.
2016-11-08 10:17:22 ERROR [main] o.s.b.d.LoggingFailureAnalysisReporter [LoggingFailureAnalysisReporter.java:42] 

***************************
APPLICATION FAILED TO START
***************************

Description:

The Bean Validation API is on the classpath but no implementation could be found

Action:

Add an implementation, such as Hibernate Validator, to the classpath

2016-11-08 10:23:22 INFO [main] b.Application [StartupInfoLogger.java:48] Starting Application on WinterNow with PID 7957 (/home/tacho/Documents/workspace_spring/boot/target/classes started by tacho in /home/tacho/Documents/workspace_spring/boot)
2016-11-08 10:23:22 INFO [main] b.Application [SpringApplication.java:661] No active profile set, falling back to default profiles: default
2016-11-08 10:23:22 INFO [main] o.s.b.c.e.AnnotationConfigEmbeddedWebApplicationContext [AbstractApplicationContext.java:581] Refreshing org.springframework.boot.context.embedded.AnnotationConfigEmbeddedWebApplicationContext@1a482e36: startup date [Tue Nov 08 10:23:22 CST 2016]; root of context hierarchy
2016-11-08 10:23:24 INFO [main] o.s.b.f.a.AutowiredAnnotationBeanPostProcessor [AutowiredAnnotationBeanPostProcessor.java:155] JSR-330 'javax.inject.Inject' annotation found and supported for autowiring
2016-11-08 10:23:24 INFO [main] o.s.c.s.PostProcessorRegistrationDelegate$BeanPostProcessorChecker [PostProcessorRegistrationDelegate.java:328] Bean 'org.springframework.transaction.annotation.ProxyTransactionManagementConfiguration' of type [class org.springframework.transaction.annotation.ProxyTransactionManagementConfiguration$$EnhancerBySpringCGLIB$$15486579] is not eligible for getting processed by all BeanPostProcessors (for example: not eligible for auto-proxying)
2016-11-08 10:23:25 WARN [main] o.s.b.c.e.AnnotationConfigEmbeddedWebApplicationContext [AbstractApplicationContext.java:549] Exception encountered during context initialization - cancelling refresh attempt: org.springframework.context.ApplicationContextException: Unable to start embedded container; nested exception is org.springframework.beans.factory.BeanCreationException: Error creating bean with name 'jettyEmbeddedServletContainerFactory' defined in class path resource [org/springframework/boot/autoconfigure/web/EmbeddedServletContainerAutoConfiguration$EmbeddedJetty.class]: Initialization of bean failed; nested exception is org.springframework.beans.factory.UnsatisfiedDependencyException: Error creating bean with name 'org.springframework.boot.autoconfigure.web.HttpEncodingAutoConfiguration': Unsatisfied dependency expressed through constructor parameter 0; nested exception is org.springframework.beans.factory.BeanCreationException: Error creating bean with name 'spring.http.encoding-org.springframework.boot.autoconfigure.web.HttpEncodingProperties': Initialization of bean failed; nested exception is javax.validation.ValidationException: Unable to create a Configuration, because no Bean Validation provider could be found. Add a provider like Hibernate Validator (RI) to your classpath.
2016-11-08 10:23:25 ERROR [main] o.s.b.d.LoggingFailureAnalysisReporter [LoggingFailureAnalysisReporter.java:42] 

***************************
APPLICATION FAILED TO START
***************************

Description:

The Bean Validation API is on the classpath but no implementation could be found

Action:

Add an implementation, such as Hibernate Validator, to the classpath

2016-11-08 10:31:42 INFO [main] b.Application [StartupInfoLogger.java:48] Starting Application on WinterNow with PID 8176 (/home/tacho/Documents/workspace_spring/boot/target/classes started by tacho in /home/tacho/Documents/workspace_spring/boot)
2016-11-08 10:31:42 INFO [main] b.Application [SpringApplication.java:661] No active profile set, falling back to default profiles: default
2016-11-08 10:31:42 INFO [main] o.s.b.c.e.AnnotationConfigEmbeddedWebApplicationContext [AbstractApplicationContext.java:581] Refreshing org.springframework.boot.context.embedded.AnnotationConfigEmbeddedWebApplicationContext@1a482e36: startup date [Tue Nov 08 10:31:42 CST 2016]; root of context hierarchy
2016-11-08 10:31:45 INFO [main] o.s.b.f.a.AutowiredAnnotationBeanPostProcessor [AutowiredAnnotationBeanPostProcessor.java:155] JSR-330 'javax.inject.Inject' annotation found and supported for autowiring
2016-11-08 10:31:45 INFO [main] o.s.c.s.PostProcessorRegistrationDelegate$BeanPostProcessorChecker [PostProcessorRegistrationDelegate.java:328] Bean 'org.springframework.transaction.annotation.ProxyTransactionManagementConfiguration' of type [class org.springframework.transaction.annotation.ProxyTransactionManagementConfiguration$$EnhancerBySpringCGLIB$$15486579] is not eligible for getting processed by all BeanPostProcessors (for example: not eligible for auto-proxying)
2016-11-08 10:31:45 WARN [main] o.s.b.c.e.AnnotationConfigEmbeddedWebApplicationContext [AbstractApplicationContext.java:549] Exception encountered during context initialization - cancelling refresh attempt: org.springframework.context.ApplicationContextException: Unable to start embedded container; nested exception is org.springframework.beans.factory.BeanCreationException: Error creating bean with name 'jettyEmbeddedServletContainerFactory' defined in class path resource [org/springframework/boot/autoconfigure/web/EmbeddedServletContainerAutoConfiguration$EmbeddedJetty.class]: Initialization of bean failed; nested exception is org.springframework.beans.factory.UnsatisfiedDependencyException: Error creating bean with name 'org.springframework.boot.autoconfigure.web.HttpEncodingAutoConfiguration': Unsatisfied dependency expressed through constructor parameter 0; nested exception is org.springframework.beans.factory.BeanCreationException: Error creating bean with name 'spring.http.encoding-org.springframework.boot.autoconfigure.web.HttpEncodingProperties': Initialization of bean failed; nested exception is javax.validation.ValidationException: Unable to create a Configuration, because no Bean Validation provider could be found. Add a provider like Hibernate Validator (RI) to your classpath.
2016-11-08 10:31:45 ERROR [main] o.s.b.d.LoggingFailureAnalysisReporter [LoggingFailureAnalysisReporter.java:42] 

***************************
APPLICATION FAILED TO START
***************************

Description:

The Bean Validation API is on the classpath but no implementation could be found

Action:

Add an implementation, such as Hibernate Validator, to the classpath

2016-11-08 11:28:02 INFO [main] b.Application [StartupInfoLogger.java:48] Starting Application on WinterNow with PID 14366 (/home/tacho/Documents/workspace_spring/boot/target/classes started by tacho in /home/tacho/Documents/workspace_spring/boot)
2016-11-08 11:28:02 INFO [main] b.Application [SpringApplication.java:661] No active profile set, falling back to default profiles: default
2016-11-08 11:28:02 INFO [main] o.s.b.c.e.AnnotationConfigEmbeddedWebApplicationContext [AbstractApplicationContext.java:581] Refreshing org.springframework.boot.context.embedded.AnnotationConfigEmbeddedWebApplicationContext@77fbd92c: startup date [Tue Nov 08 11:28:02 CST 2016]; root of context hierarchy
2016-11-08 11:28:06 INFO [main] o.s.b.f.a.AutowiredAnnotationBeanPostProcessor [AutowiredAnnotationBeanPostProcessor.java:155] JSR-330 'javax.inject.Inject' annotation found and supported for autowiring
2016-11-08 11:28:06 INFO [main] o.s.c.s.PostProcessorRegistrationDelegate$BeanPostProcessorChecker [PostProcessorRegistrationDelegate.java:328] Bean 'org.springframework.transaction.annotation.ProxyTransactionManagementConfiguration' of type [class org.springframework.transaction.annotation.ProxyTransactionManagementConfiguration$$EnhancerBySpringCGLIB$$8d117cbe] is not eligible for getting processed by all BeanPostProcessors (for example: not eligible for auto-proxying)
2016-11-08 11:28:06 WARN [main] o.s.b.c.e.AnnotationConfigEmbeddedWebApplicationContext [AbstractApplicationContext.java:549] Exception encountered during context initialization - cancelling refresh attempt: org.springframework.context.ApplicationContextException: Unable to start embedded container; nested exception is org.springframework.beans.factory.BeanCreationException: Error creating bean with name 'jettyEmbeddedServletContainerFactory' defined in class path resource [org/springframework/boot/autoconfigure/web/EmbeddedServletContainerAutoConfiguration$EmbeddedJetty.class]: Initialization of bean failed; nested exception is org.springframework.beans.factory.UnsatisfiedDependencyException: Error creating bean with name 'org.springframework.boot.autoconfigure.web.HttpEncodingAutoConfiguration': Unsatisfied dependency expressed through constructor parameter 0; nested exception is org.springframework.beans.factory.BeanCreationException: Error creating bean with name 'spring.http.encoding-org.springframework.boot.autoconfigure.web.HttpEncodingProperties': Initialization of bean failed; nested exception is javax.validation.ValidationException: Unable to create a Configuration, because no Bean Validation provider could be found. Add a provider like Hibernate Validator (RI) to your classpath.
2016-11-08 11:28:06 ERROR [main] o.s.b.d.LoggingFailureAnalysisReporter [LoggingFailureAnalysisReporter.java:42] 

***************************
APPLICATION FAILED TO START
***************************

Description:

The Bean Validation API is on the classpath but no implementation could be found

Action:

Add an implementation, such as Hibernate Validator, to the classpath

2016-11-08 11:47:39 INFO [main] b.Application [StartupInfoLogger.java:48] Starting Application on WinterNow with PID 20468 (/home/tacho/Documents/workspace_spring/boot/target/classes started by tacho in /home/tacho/Documents/workspace_spring/boot)
2016-11-08 11:47:39 INFO [main] b.Application [SpringApplication.java:661] No active profile set, falling back to default profiles: default
2016-11-08 11:47:39 INFO [main] o.s.b.c.e.AnnotationConfigEmbeddedWebApplicationContext [AbstractApplicationContext.java:581] Refreshing org.springframework.boot.context.embedded.AnnotationConfigEmbeddedWebApplicationContext@77fbd92c: startup date [Tue Nov 08 11:47:39 CST 2016]; root of context hierarchy
2016-11-08 11:47:43 INFO [main] o.s.b.f.a.AutowiredAnnotationBeanPostProcessor [AutowiredAnnotationBeanPostProcessor.java:155] JSR-330 'javax.inject.Inject' annotation found and supported for autowiring
2016-11-08 11:47:43 INFO [main] o.s.c.s.PostProcessorRegistrationDelegate$BeanPostProcessorChecker [PostProcessorRegistrationDelegate.java:328] Bean 'org.springframework.transaction.annotation.ProxyTransactionManagementConfiguration' of type [class org.springframework.transaction.annotation.ProxyTransactionManagementConfiguration$$EnhancerBySpringCGLIB$$8d117cbe] is not eligible for getting processed by all BeanPostProcessors (for example: not eligible for auto-proxying)
2016-11-08 11:47:44 WARN [main] o.s.b.c.e.AnnotationConfigEmbeddedWebApplicationContext [AbstractApplicationContext.java:549] Exception encountered during context initialization - cancelling refresh attempt: org.springframework.context.ApplicationContextException: Unable to start embedded container; nested exception is org.springframework.beans.factory.BeanCreationException: Error creating bean with name 'jettyEmbeddedServletContainerFactory' defined in class path resource [org/springframework/boot/autoconfigure/web/EmbeddedServletContainerAutoConfiguration$EmbeddedJetty.class]: Initialization of bean failed; nested exception is org.springframework.beans.factory.UnsatisfiedDependencyException: Error creating bean with name 'org.springframework.boot.autoconfigure.web.HttpEncodingAutoConfiguration': Unsatisfied dependency expressed through constructor parameter 0; nested exception is org.springframework.beans.factory.BeanCreationException: Error creating bean with name 'spring.http.encoding-org.springframework.boot.autoconfigure.web.HttpEncodingProperties': Initialization of bean failed; nested exception is javax.validation.ValidationException: Unable to create a Configuration, because no Bean Validation provider could be found. Add a provider like Hibernate Validator (RI) to your classpath.
2016-11-08 11:47:44 ERROR [main] o.s.b.d.LoggingFailureAnalysisReporter [LoggingFailureAnalysisReporter.java:42] 

***************************
APPLICATION FAILED TO START
***************************

Description:

The Bean Validation API is on the classpath but no implementation could be found

Action:

Add an implementation, such as Hibernate Validator, to the classpath

2016-11-08 11:50:00 INFO [main] b.Application [StartupInfoLogger.java:48] Starting Application on WinterNow with PID 21229 (/home/tacho/Documents/workspace_spring/boot/target/classes started by tacho in /home/tacho/Documents/workspace_spring/boot)
2016-11-08 11:50:00 INFO [main] b.Application [SpringApplication.java:661] No active profile set, falling back to default profiles: default
2016-11-08 11:50:00 INFO [main] o.s.b.c.e.AnnotationConfigEmbeddedWebApplicationContext [AbstractApplicationContext.java:581] Refreshing org.springframework.boot.context.embedded.AnnotationConfigEmbeddedWebApplicationContext@1a482e36: startup date [Tue Nov 08 11:50:00 CST 2016]; root of context hierarchy
2016-11-08 11:50:02 INFO [main] o.s.b.f.a.AutowiredAnnotationBeanPostProcessor [AutowiredAnnotationBeanPostProcessor.java:155] JSR-330 'javax.inject.Inject' annotation found and supported for autowiring
2016-11-08 11:50:03 INFO [main] o.s.c.s.PostProcessorRegistrationDelegate$BeanPostProcessorChecker [PostProcessorRegistrationDelegate.java:328] Bean 'org.springframework.transaction.annotation.ProxyTransactionManagementConfiguration' of type [class org.springframework.transaction.annotation.ProxyTransactionManagementConfiguration$$EnhancerBySpringCGLIB$$15486579] is not eligible for getting processed by all BeanPostProcessors (for example: not eligible for auto-proxying)
2016-11-08 11:50:03 WARN [main] o.s.b.c.e.AnnotationConfigEmbeddedWebApplicationContext [AbstractApplicationContext.java:549] Exception encountered during context initialization - cancelling refresh attempt: org.springframework.context.ApplicationContextException: Unable to start embedded container; nested exception is org.springframework.beans.factory.BeanCreationException: Error creating bean with name 'jettyEmbeddedServletContainerFactory' defined in class path resource [org/springframework/boot/autoconfigure/web/EmbeddedServletContainerAutoConfiguration$EmbeddedJetty.class]: Initialization of bean failed; nested exception is org.springframework.beans.factory.UnsatisfiedDependencyException: Error creating bean with name 'org.springframework.boot.autoconfigure.web.HttpEncodingAutoConfiguration': Unsatisfied dependency expressed through constructor parameter 0; nested exception is org.springframework.beans.factory.BeanCreationException: Error creating bean with name 'spring.http.encoding-org.springframework.boot.autoconfigure.web.HttpEncodingProperties': Initialization of bean failed; nested exception is javax.validation.ValidationException: Unable to create a Configuration, because no Bean Validation provider could be found. Add a provider like Hibernate Validator (RI) to your classpath.
2016-11-08 11:50:03 ERROR [main] o.s.b.d.LoggingFailureAnalysisReporter [LoggingFailureAnalysisReporter.java:42] 

***************************
APPLICATION FAILED TO START
***************************

Description:

The Bean Validation API is on the classpath but no implementation could be found

Action:

Add an implementation, such as Hibernate Validator, to the classpath

2016-11-08 11:56:53 INFO [main] b.Application [StartupInfoLogger.java:48] Starting Application on WinterNow with PID 23245 (/home/tacho/Documents/workspace_spring/boot/target/classes started by tacho in /home/tacho/Documents/workspace_spring/boot)
2016-11-08 11:56:53 INFO [main] b.Application [SpringApplication.java:661] No active profile set, falling back to default profiles: default
2016-11-08 11:56:53 INFO [main] o.s.b.c.e.AnnotationConfigEmbeddedWebApplicationContext [AbstractApplicationContext.java:581] Refreshing org.springframework.boot.context.embedded.AnnotationConfigEmbeddedWebApplicationContext@1a482e36: startup date [Tue Nov 08 11:56:53 CST 2016]; root of context hierarchy
2016-11-08 11:56:56 INFO [main] o.s.b.f.a.AutowiredAnnotationBeanPostProcessor [AutowiredAnnotationBeanPostProcessor.java:155] JSR-330 'javax.inject.Inject' annotation found and supported for autowiring
2016-11-08 11:56:56 INFO [main] o.s.c.s.PostProcessorRegistrationDelegate$BeanPostProcessorChecker [PostProcessorRegistrationDelegate.java:328] Bean 'org.springframework.transaction.annotation.ProxyTransactionManagementConfiguration' of type [class org.springframework.transaction.annotation.ProxyTransactionManagementConfiguration$$EnhancerBySpringCGLIB$$15486579] is not eligible for getting processed by all BeanPostProcessors (for example: not eligible for auto-proxying)
2016-11-08 11:56:56 WARN [main] o.s.b.c.e.AnnotationConfigEmbeddedWebApplicationContext [AbstractApplicationContext.java:549] Exception encountered during context initialization - cancelling refresh attempt: org.springframework.context.ApplicationContextException: Unable to start embedded container; nested exception is org.springframework.beans.factory.BeanCreationException: Error creating bean with name 'jettyEmbeddedServletContainerFactory' defined in class path resource [org/springframework/boot/autoconfigure/web/EmbeddedServletContainerAutoConfiguration$EmbeddedJetty.class]: Initialization of bean failed; nested exception is org.springframework.beans.factory.UnsatisfiedDependencyException: Error creating bean with name 'org.springframework.boot.autoconfigure.web.HttpEncodingAutoConfiguration': Unsatisfied dependency expressed through constructor parameter 0; nested exception is org.springframework.beans.factory.BeanCreationException: Error creating bean with name 'spring.http.encoding-org.springframework.boot.autoconfigure.web.HttpEncodingProperties': Initialization of bean failed; nested exception is javax.validation.ValidationException: Unable to create a Configuration, because no Bean Validation provider could be found. Add a provider like Hibernate Validator (RI) to your classpath.
2016-11-08 11:56:56 ERROR [main] o.s.b.d.LoggingFailureAnalysisReporter [LoggingFailureAnalysisReporter.java:42] 

***************************
APPLICATION FAILED TO START
***************************

Description:

The Bean Validation API is on the classpath but no implementation could be found

Action:

Add an implementation, such as Hibernate Validator, to the classpath

2016-11-08 12:00:32 INFO [main] b.Application [StartupInfoLogger.java:48] Starting Application on WinterNow with PID 24335 (/home/tacho/Documents/workspace_spring/boot/target/classes started by tacho in /home/tacho/Documents/workspace_spring/boot)
2016-11-08 12:00:32 INFO [main] b.Application [SpringApplication.java:661] No active profile set, falling back to default profiles: default
2016-11-08 12:00:33 INFO [main] o.s.b.c.e.AnnotationConfigEmbeddedWebApplicationContext [AbstractApplicationContext.java:581] Refreshing org.springframework.boot.context.embedded.AnnotationConfigEmbeddedWebApplicationContext@1a482e36: startup date [Tue Nov 08 12:00:33 CST 2016]; root of context hierarchy
2016-11-08 12:00:35 INFO [main] o.s.b.f.a.AutowiredAnnotationBeanPostProcessor [AutowiredAnnotationBeanPostProcessor.java:155] JSR-330 'javax.inject.Inject' annotation found and supported for autowiring
2016-11-08 12:00:35 INFO [main] o.s.c.s.PostProcessorRegistrationDelegate$BeanPostProcessorChecker [PostProcessorRegistrationDelegate.java:328] Bean 'org.springframework.transaction.annotation.ProxyTransactionManagementConfiguration' of type [class org.springframework.transaction.annotation.ProxyTransactionManagementConfiguration$$EnhancerBySpringCGLIB$$15486579] is not eligible for getting processed by all BeanPostProcessors (for example: not eligible for auto-proxying)
2016-11-08 12:00:36 WARN [main] o.s.b.c.e.AnnotationConfigEmbeddedWebApplicationContext [AbstractApplicationContext.java:549] Exception encountered during context initialization - cancelling refresh attempt: org.springframework.context.ApplicationContextException: Unable to start embedded container; nested exception is org.springframework.beans.factory.BeanCreationException: Error creating bean with name 'jettyEmbeddedServletContainerFactory' defined in class path resource [org/springframework/boot/autoconfigure/web/EmbeddedServletContainerAutoConfiguration$EmbeddedJetty.class]: Initialization of bean failed; nested exception is org.springframework.beans.factory.UnsatisfiedDependencyException: Error creating bean with name 'org.springframework.boot.autoconfigure.web.HttpEncodingAutoConfiguration': Unsatisfied dependency expressed through constructor parameter 0; nested exception is org.springframework.beans.factory.BeanCreationException: Error creating bean with name 'spring.http.encoding-org.springframework.boot.autoconfigure.web.HttpEncodingProperties': Initialization of bean failed; nested exception is javax.validation.ValidationException: Unable to create a Configuration, because no Bean Validation provider could be found. Add a provider like Hibernate Validator (RI) to your classpath.
2016-11-08 12:00:36 ERROR [main] o.s.b.d.LoggingFailureAnalysisReporter [LoggingFailureAnalysisReporter.java:42] 

***************************
APPLICATION FAILED TO START
***************************

Description:

The Bean Validation API is on the classpath but no implementation could be found

Action:

Add an implementation, such as Hibernate Validator, to the classpath

2016-11-08 12:03:34 INFO [main] b.Application [StartupInfoLogger.java:48] Starting Application on WinterNow with PID 25266 (/home/tacho/Documents/workspace_spring/boot/target/classes started by tacho in /home/tacho/Documents/workspace_spring/boot)
2016-11-08 12:03:34 INFO [main] b.Application [SpringApplication.java:661] No active profile set, falling back to default profiles: default
2016-11-08 12:03:34 INFO [main] o.s.b.c.e.AnnotationConfigEmbeddedWebApplicationContext [AbstractApplicationContext.java:581] Refreshing org.springframework.boot.context.embedded.AnnotationConfigEmbeddedWebApplicationContext@1a482e36: startup date [Tue Nov 08 12:03:34 CST 2016]; root of context hierarchy
2016-11-08 12:03:36 INFO [main] o.s.b.f.a.AutowiredAnnotationBeanPostProcessor [AutowiredAnnotationBeanPostProcessor.java:155] JSR-330 'javax.inject.Inject' annotation found and supported for autowiring
2016-11-08 12:03:36 INFO [main] o.s.c.s.PostProcessorRegistrationDelegate$BeanPostProcessorChecker [PostProcessorRegistrationDelegate.java:328] Bean 'org.springframework.transaction.annotation.ProxyTransactionManagementConfiguration' of type [class org.springframework.transaction.annotation.ProxyTransactionManagementConfiguration$$EnhancerBySpringCGLIB$$15486579] is not eligible for getting processed by all BeanPostProcessors (for example: not eligible for auto-proxying)
2016-11-08 12:03:36 WARN [main] o.s.b.c.e.AnnotationConfigEmbeddedWebApplicationContext [AbstractApplicationContext.java:549] Exception encountered during context initialization - cancelling refresh attempt: org.springframework.context.ApplicationContextException: Unable to start embedded container; nested exception is org.springframework.beans.factory.BeanCreationException: Error creating bean with name 'jettyEmbeddedServletContainerFactory' defined in class path resource [org/springframework/boot/autoconfigure/web/EmbeddedServletContainerAutoConfiguration$EmbeddedJetty.class]: Initialization of bean failed; nested exception is org.springframework.beans.factory.UnsatisfiedDependencyException: Error creating bean with name 'org.springframework.boot.autoconfigure.web.HttpEncodingAutoConfiguration': Unsatisfied dependency expressed through constructor parameter 0; nested exception is org.springframework.beans.factory.BeanCreationException: Error creating bean with name 'spring.http.encoding-org.springframework.boot.autoconfigure.web.HttpEncodingProperties': Initialization of bean failed; nested exception is javax.validation.ValidationException: Unable to create a Configuration, because no Bean Validation provider could be found. Add a provider like Hibernate Validator (RI) to your classpath.
2016-11-08 12:03:36 ERROR [main] o.s.b.d.LoggingFailureAnalysisReporter [LoggingFailureAnalysisReporter.java:42] 

***************************
APPLICATION FAILED TO START
***************************

Description:

The Bean Validation API is on the classpath but no implementation could be found

Action:

Add an implementation, such as Hibernate Validator, to the classpath

